<?xml version="1.0" encoding="UTF-8"?>
<!-- Generated by org.testng.reporters.JUnitReportReporter -->
<testsuite hostname="Saifuls-MacBook-Pro.local" failures="0" tests="1" name="com.qa.fifa.SearchTest" time="24.163" errors="0" timestamp="2023-03-31T17:16:17 EDT" skipped="0">
  <testcase classname="com.qa.fifa.SearchTest" name="validationsearch" time="24.163"/>
  <system-out/>
</testsuite> <!-- com.qa.fifa.SearchTest -->
